[2025-12-22T06:25:58.968Z] Initializing server script...
[2025-12-23T02:38:52.546Z] Initializing server script...
[2025-12-23T02:39:14.553Z] POST /api/auth/register
[2025-12-23T02:41:17.430Z] POST /api/auth/register
[2025-12-23T02:47:32.591Z] Initializing server script...
[2025-12-23T02:48:03.899Z] POST /api/auth/register
[2025-12-23T02:48:04.058Z] GET /api/portfolio
[2025-12-23T02:48:04.066Z] GET /api/auth/me
[2025-12-23T02:48:04.092Z] GET /api/portfolio
[2025-12-23T02:48:23.334Z] GET /api/auth/me
[2025-12-23T02:48:23.379Z] GET /api/auth/me
[2025-12-23T02:48:27.871Z] POST /api/auth/login
[2025-12-23T02:48:28.013Z] GET /api/portfolio
[2025-12-23T02:48:28.018Z] GET /api/auth/me
[2025-12-23T02:48:28.039Z] GET /api/portfolio
[2025-12-23T03:31:57.649Z] Initializing server script...
[2025-12-24T04:52:01.796Z] Initializing server script...
[2025-12-24T04:52:42.837Z] POST /api/auth/register
[2025-12-24T04:59:23.390Z] Initializing server script...
[2025-12-24T04:59:57.790Z] POST /api/auth/register
[2025-12-24T05:06:02.589Z] POST /api/auth/register
[2025-12-24T05:06:02.821Z] GET /api/portfolio
[2025-12-24T05:06:02.834Z] GET /api/auth/me
[2025-12-24T05:06:02.875Z] GET /api/portfolio
[2025-12-24T05:07:03.951Z] GET /api/auth/me
[2025-12-24T05:07:03.991Z] GET /api/auth/me
[2025-12-24T05:07:15.064Z] POST /api/auth/login
[2025-12-24T05:07:15.218Z] GET /api/portfolio
[2025-12-24T05:07:15.225Z] GET /api/auth/me
[2025-12-24T05:07:15.244Z] GET /api/portfolio
[2025-12-24T05:08:44.683Z] GET /api/auth/me
[2025-12-24T05:08:44.701Z] GET /api/auth/me
[2025-12-24T05:18:32.358Z] POST /api/auth/login
[2025-12-24T05:18:32.516Z] GET /api/portfolio
[2025-12-24T05:18:32.521Z] GET /api/auth/me
[2025-12-24T05:18:32.536Z] GET /api/portfolio
[2025-12-24T05:58:54.289Z] GET /api/auth/me
[2025-12-24T05:58:54.314Z] GET /api/auth/me
[2025-12-24T05:59:06.640Z] POST /api/auth/login
[2025-12-24T05:59:06.739Z] GET /api/portfolio
[2025-12-24T05:59:06.742Z] GET /api/auth/me
[2025-12-24T05:59:06.752Z] GET /api/portfolio
[2025-12-24T06:00:06.888Z] GET /api/auth/me
[2025-12-24T06:00:06.902Z] GET /api/auth/me
[2025-12-24T06:04:58.056Z] Initializing server script...
[2025-12-24T06:05:21.522Z] Initializing server script...
[2025-12-24T06:10:46.143Z] GET /api/auth/me
[2025-12-24T06:10:46.174Z] GET /api/auth/me
[2025-12-24T06:19:06.396Z] Initializing server script...
[2025-12-24T06:19:17.263Z] POST /api/auth/login
[2025-12-24T06:19:17.510Z] GET /api/portfolio
[2025-12-24T06:19:17.517Z] GET /api/auth/me
[2025-12-24T06:19:17.532Z] GET /api/portfolio
[2025-12-24T06:22:08.862Z] POST /api/portfolio
[2025-12-24T06:23:47.301Z] POST /api/portfolio
[2025-12-24T06:25:14.881Z] POST /api/portfolio
[2025-12-24T06:25:41.950Z] POST /api/portfolio
[2025-12-24T06:25:51.075Z] POST /api/portfolio
[2025-12-24T06:26:26.686Z] GET /api/portfolio
[2025-12-24T06:26:26.707Z] GET /api/portfolio
[2025-12-24T06:26:52.265Z] GET /api/portfolio
[2025-12-24T06:26:52.280Z] GET /api/portfolio
[2025-12-24T06:32:41.831Z] Initializing server script...
[2025-12-24T06:33:42.849Z] Initializing server script...
[2025-12-24T06:34:16.927Z] POST /api/auth/register
[2025-12-24T06:34:19.257Z] POST /api/auth/register
[2025-12-24T06:34:25.837Z] POST /api/auth/login
[2025-12-24T06:34:26.009Z] GET /api/portfolio
[2025-12-24T06:34:26.018Z] GET /api/auth/me
[2025-12-24T06:34:26.047Z] GET /api/portfolio
[2025-12-24T06:34:37.045Z] POST /api/auth/login
[2025-12-24T06:34:37.181Z] GET /api/portfolio
[2025-12-24T06:34:37.190Z] GET /api/auth/me
[2025-12-24T06:34:37.214Z] GET /api/portfolio
[2025-12-24T06:36:47.111Z] POST /api/portfolio
[2025-12-24T06:38:57.091Z] POST /api/portfolio
[2025-12-24T06:40:10.167Z] POST /api/portfolio
[2025-12-24T06:40:30.197Z] POST /api/portfolio
[2025-12-24T06:40:34.072Z] GET /api/portfolio
[2025-12-24T06:40:34.093Z] GET /api/portfolio
[2025-12-24T06:41:17.676Z] GET /api/portfolio
[2025-12-24T06:41:17.693Z] GET /api/portfolio
[2025-12-24T06:42:03.063Z] POST /api/portfolio
[2025-12-24T06:42:11.540Z] GET /api/portfolio
[2025-12-24T06:42:11.562Z] GET /api/portfolio
[2025-12-24T06:42:40.086Z] GET /api/portfolio
[2025-12-24T06:42:40.106Z] GET /api/portfolio
[2025-12-24T06:43:07.234Z] GET /api/portfolio
[2025-12-24T06:43:07.251Z] GET /api/portfolio
[2025-12-24T06:43:31.885Z] GET /api/portfolio
[2025-12-24T06:43:31.904Z] GET /api/portfolio
[2025-12-24T06:43:58.890Z] POST /api/portfolio
[2025-12-24T06:44:03.015Z] GET /api/portfolio
[2025-12-24T06:44:03.042Z] GET /api/portfolio
[2025-12-24T06:44:23.716Z] GET /api/portfolio
[2025-12-24T06:44:23.743Z] GET /api/portfolio
[2025-12-24T06:49:27.966Z] POST /api/portfolio
[2025-12-24T06:49:30.133Z] GET /api/portfolio
[2025-12-24T06:49:30.151Z] GET /api/portfolio
[2025-12-24T06:49:59.088Z] GET /api/portfolio
[2025-12-24T06:49:59.137Z] GET /api/portfolio
[2025-12-24T06:51:51.249Z] POST /api/portfolio
[2025-12-24T06:51:52.621Z] GET /api/portfolio
[2025-12-24T06:51:52.639Z] GET /api/portfolio
[2025-12-24T06:52:14.023Z] GET /api/portfolio
[2025-12-24T06:52:14.050Z] GET /api/portfolio
[2025-12-24T06:56:54.658Z] POST /api/auth/login
[2025-12-24T06:56:54.841Z] GET /api/portfolio
[2025-12-24T06:56:54.846Z] GET /api/auth/me
[2025-12-24T06:56:54.865Z] GET /api/portfolio
[2025-12-24T06:58:38.536Z] GET /api/portfolio
[2025-12-24T06:58:38.556Z] GET /api/portfolio
[2025-12-24T06:59:59.203Z] GET /api/portfolio
[2025-12-24T07:01:14.132Z] GET /api/auth/me
[2025-12-24T07:01:14.143Z] GET /api/auth/me
[2025-12-24T07:02:42.859Z] GET /api/auth/me
[2025-12-24T07:02:42.885Z] GET /api/auth/me
[2025-12-24T07:02:43.023Z] GET /api/auth/me
[2025-12-24T07:02:43.041Z] GET /api/auth/me
[2025-12-24T07:03:10.200Z] POST /api/auth/login
[2025-12-24T07:03:10.348Z] GET /api/portfolio
[2025-12-24T07:03:10.354Z] GET /api/auth/me
[2025-12-24T07:03:10.373Z] GET /api/portfolio
[2025-12-24T07:03:13.914Z] GET /api/portfolio
[2025-12-24T07:03:13.937Z] GET /api/portfolio
[2025-12-24T07:03:20.242Z] GET /api/auth/me
[2025-12-24T07:03:20.253Z] GET /api/auth/me
[2025-12-24T07:03:24.749Z] POST /api/auth/login
[2025-12-24T07:03:24.918Z] GET /api/portfolio
[2025-12-24T07:03:24.923Z] GET /api/auth/me
[2025-12-24T07:03:24.940Z] GET /api/portfolio
[2025-12-24T07:03:27.708Z] GET /api/portfolio
[2025-12-24T07:03:27.730Z] GET /api/portfolio
[2025-12-24T07:07:28.458Z] GET /api/auth/me
[2025-12-24T07:07:28.475Z] GET /api/auth/me
[2025-12-24T07:07:33.151Z] POST /api/auth/login
[2025-12-24T07:07:33.340Z] GET /api/portfolio
[2025-12-24T07:07:33.347Z] GET /api/auth/me
[2025-12-24T07:07:33.367Z] GET /api/portfolio
[2025-12-24T07:07:37.821Z] GET /api/portfolio
[2025-12-24T07:07:37.847Z] GET /api/portfolio
[2025-12-24T07:08:01.060Z] GET /api/portfolio
[2025-12-24T07:08:01.086Z] GET /api/portfolio
[2025-12-24T07:08:28.962Z] POST /api/auth/register
[2025-12-24T07:08:39.640Z] POST /api/auth/register
[2025-12-24T07:08:39.918Z] GET /api/portfolio
[2025-12-24T07:08:39.927Z] GET /api/auth/me
[2025-12-24T07:08:39.949Z] GET /api/portfolio
[2025-12-24T07:12:16.597Z] GET /api/auth/me
[2025-12-24T07:12:16.610Z] GET /api/auth/me
[2025-12-24T07:12:16.625Z] GET /api/auth/me
[2025-12-24T07:12:16.642Z] GET /api/auth/me
[2025-12-24T07:25:11.430Z] GET /api/auth/me
[2025-12-24T07:25:11.444Z] GET /api/auth/me
[2025-12-24T07:25:15.035Z] GET /api/auth/me
[2025-12-24T07:25:15.054Z] GET /api/auth/me
[2025-12-24T07:34:02.349Z] GET /api/auth/me
[2025-12-24T07:34:02.376Z] GET /api/auth/me
[2025-12-24T07:34:04.442Z] GET /api/auth/me
[2025-12-24T07:34:04.455Z] GET /api/auth/me
[2025-12-24T07:34:34.361Z] POST /api/auth/login
[2025-12-24T07:34:46.595Z] POST /api/auth/login
[2025-12-24T07:34:46.773Z] GET /api/portfolio
[2025-12-24T07:34:46.782Z] GET /api/auth/me
[2025-12-24T07:34:46.808Z] GET /api/portfolio
[2025-12-24T07:35:00.222Z] GET /api/portfolio
[2025-12-24T07:35:00.237Z] GET /api/portfolio
[2025-12-24T07:37:08.224Z] GET /api/portfolio
[2025-12-24T07:37:08.262Z] GET /api/portfolio
[2025-12-24T07:37:28.368Z] POST /api/auth/login
[2025-12-24T07:37:28.542Z] GET /api/portfolio
[2025-12-24T07:37:28.551Z] GET /api/auth/me
[2025-12-24T07:37:28.573Z] GET /api/portfolio
[2025-12-24T07:37:59.257Z] GET /api/auth/me
[2025-12-24T07:37:59.273Z] GET /api/auth/me
[2025-12-24T07:42:57.414Z] Initializing server script...
[2025-12-24T07:43:16.093Z] POST /api/auth/login
[2025-12-24T07:43:16.418Z] GET /api/portfolio
[2025-12-24T07:43:16.438Z] GET /api/auth/me
[2025-12-24T07:43:16.484Z] GET /api/portfolio
[2025-12-24T07:45:22.955Z] POST /api/portfolio
[2025-12-24T07:46:22.907Z] POST /api/portfolio
